<?xml version="1.0" encoding="UTF-8"?>
<testng-results ignored="0" total="1" passed="1" failed="0" skipped="0">
  <reporter-output>
  </reporter-output>
  <suite started-at="2023-11-08T23:19:29 CST" name="Surefire suite" finished-at="2023-11-08T23:19:49 CST" duration-ms="20574">
    <groups>
    </groups>
    <test started-at="2023-11-08T23:19:29 CST" name="Surefire test" finished-at="2023-11-08T23:19:49 CST" duration-ms="20574">
      <class name="PushingThis.loginTest">
        <test-method signature="test1()[pri:0, instance:PushingThis.loginTest@10959ece]" started-at="2023-11-08T23:19:29 CST" name="test1" finished-at="2023-11-08T23:19:49 CST" duration-ms="20518" status="PASS">
          <reporter-output>
          </reporter-output>
        </test-method> <!-- test1 -->
      </class> <!-- PushingThis.loginTest -->
    </test> <!-- Surefire test -->
  </suite> <!-- Surefire suite -->
</testng-results>
